<?xml version="1.0" encoding="UTF-8"?>
<!-- Generated by org.testng.reporters.JUnitReportReporter -->
<testsuite hostname="LAPTOP-A05LVLGA" failures="0" tests="1" name="OrangeTestsPackage.ProductInfoManagementTest" time="41.614" errors="0" timestamp="01 Jan. 2023 23:01:40 GMT" skipped="0">
  <testcase classname="OrangeTestsPackage.ProductInfoManagementTest" name="AddEmployeeTest" time="41.614"/>
</testsuite> <!-- OrangeTestsPackage.ProductInfoManagementTest -->
