<?xml version="1.0" encoding="UTF-8"?>
<!-- Generated by org.testng.reporters.JUnitReportReporter -->
<testsuite hostname="LAPTOP-A05LVLGA" failures="0" tests="1" name="OrangeTestbase.LoginPageTest" time="15.583" errors="0" timestamp="08 Dec. 2022 20:49:20 GMT" skipped="0">
  <testcase classname="OrangeTestbase.LoginPageTest" name="LoginPageLogoTest" time="15.583"/>
</testsuite> <!-- OrangeTestbase.LoginPageTest -->
