<?xml version="1.0" encoding="UTF-8"?>
<!-- Generated by org.testng.reporters.JUnitReportReporter -->
<testsuite hostname="LAPTOP-A05LVLGA" failures="0" tests="3" name="OrangeTestsPackage.MainLoginPageTest" time="59.175" errors="0" timestamp="03 Jan. 2023 16:37:32 GMT" skipped="0">
  <testcase classname="OrangeTestsPackage.MainLoginPageTest" name="LoginPageTitleTest" time="24.836"/>
  <testcase classname="OrangeTestsPackage.MainLoginPageTest" name="LoginPageLogoTest" time="16.842"/>
  <testcase classname="OrangeTestsPackage.MainLoginPageTest" name="UserloginTest" time="17.497"/>
</testsuite> <!-- OrangeTestsPackage.MainLoginPageTest -->
