<?xml version="1.0" encoding="UTF-8"?>
<!-- Generated by org.testng.reporters.JUnitReportReporter -->
<testsuite hostname="LAPTOP-A05LVLGA" failures="0" tests="1" name="OrangeTestsPackage.DashboardPageTest" time="35.104" errors="0" timestamp="12 Dec. 2022 21:25:14 GMT" skipped="0">
  <testcase classname="OrangeTestsPackage.DashboardPageTest" name="AdminPanelPagelinkTest" time="35.104"/>
</testsuite> <!-- OrangeTestsPackage.DashboardPageTest -->
